<?xml version="1.0" encoding="UTF-8"?>
<!-- Generated by org.testng.reporters.JUnitXMLReporter -->
<testsuite ignored="0" hostname="DESKTOP-5G4KM3U" failures="0" tests="6" name="Default test" time="64.902" errors="0" timestamp="2024-06-17T23:50:42 IST">
  <testcase classname="com.qa.Testscripts.TC_AddingProductsToCart" name="search" time="54.255"/>
  <testcase classname="com.qa.Testscripts.TC_AddingProductsToCart" name="searchItem" time="0.435"/>
  <testcase classname="com.qa.Testscripts.TC_AddingProductsToCart" name="addtoCartFromPLP" time="3.965"/>
  <testcase classname="com.qa.Testscripts.TC_AddingProductsToCart" name="goToProductDetailPage" time="2.345"/>
  <testcase classname="com.qa.Testscripts.TC_AddingProductsToCart" name="goToCartPage" time="2.481"/>
  <testcase classname="com.qa.Testscripts.TC_AddingProductsToCart" name="verifyDetails" time="0.563"/>
</testsuite> <!-- Default test -->
