<?xml version="1.0" encoding="UTF-8"?>
<testng-results ignored="0" total="25" passed="25" failed="0" skipped="0">
  <reporter-output>
  </reporter-output>
  <suite started-at="2024-07-06T13:38:59 IST" name="Suite" finished-at="2024-07-06T13:40:55 IST" duration-ms="116084">
    <groups>
    </groups>
    <test started-at="2024-07-06T13:38:59 IST" name="Automation Exercise Testing" finished-at="2024-07-06T13:40:55 IST" duration-ms="116084">
      <class name="com.qa.Testscripts.TC_PlaceOrder">
        <test-method signature="verifyPageTitle(java.util.HashMap)[pri:0, instance:com.qa.Testscripts.TC_PlaceOrder@dbd8e44]" started-at="2024-07-06T13:40:48 IST" name="verifyPageTitle" data-provider="getPaymentDetailsData" finished-at="2024-07-06T13:40:48 IST" duration-ms="16" status="PASS">
          <params>
            <param index="0">
              <value>
                <![CDATA[{cvc=733, pageTitle=Automation Exercise - Payment, cardholderName=Hema H, expiryMonth=04, expiryYear=2030, cardNumber=6011601160116611}]]>
              </value>
            </param>
          </params>
          <reporter-output>
          </reporter-output>
        </test-method> <!-- verifyPageTitle -->
        <test-method signature="enterPaymentDetails(java.util.HashMap)[pri:1, instance:com.qa.Testscripts.TC_PlaceOrder@dbd8e44]" started-at="2024-07-06T13:40:48 IST" name="enterPaymentDetails" data-provider="getPaymentDetailsData" finished-at="2024-07-06T13:40:53 IST" duration-ms="4699" status="PASS">
          <params>
            <param index="0">
              <value>
                <![CDATA[{cvc=733, pageTitle=Automation Exercise - Payment, cardholderName=Hema H, expiryMonth=04, expiryYear=2030, cardNumber=6011601160116611}]]>
              </value>
            </param>
          </params>
          <reporter-output>
          </reporter-output>
        </test-method> <!-- enterPaymentDetails -->
        <test-method signature="verifyOrderPlaced(java.util.HashMap)[pri:2, instance:com.qa.Testscripts.TC_PlaceOrder@dbd8e44]" started-at="2024-07-06T13:40:53 IST" name="verifyOrderPlaced" data-provider="getOrderConfirmationData" finished-at="2024-07-06T13:40:53 IST" duration-ms="478" status="PASS">
          <params>
            <param index="0">
              <value>
                <![CDATA[{expectedSuccessMessage=Congratulations! Your order has been confirmed!, expectedHeader=ORDER PLACED!}]]>
              </value>
            </param>
          </params>
          <reporter-output>
          </reporter-output>
        </test-method> <!-- verifyOrderPlaced -->
        <test-method signature="downloadInvoice()[pri:3, instance:com.qa.Testscripts.TC_PlaceOrder@dbd8e44]" started-at="2024-07-06T13:40:53 IST" name="downloadInvoice" finished-at="2024-07-06T13:40:55 IST" duration-ms="1579" status="PASS">
          <reporter-output>
          </reporter-output>
        </test-method> <!-- downloadInvoice -->
      </class> <!-- com.qa.Testscripts.TC_PlaceOrder -->
      <class name="com.qa.Testscripts.TC_Login">
        <test-method signature="loginWithInvalidCredentials(java.util.HashMap)[pri:0, instance:com.qa.Testscripts.TC_Login@40238dd0]" started-at="2024-07-06T13:39:44 IST" name="loginWithInvalidCredentials" data-provider="getLoginData" finished-at="2024-07-06T13:39:46 IST" duration-ms="2616" status="PASS">
          <params>
            <param index="0">
              <value>
                <![CDATA[{name=Hema, password=Password@123}]]>
              </value>
            </param>
          </params>
          <reporter-output>
          </reporter-output>
        </test-method> <!-- loginWithInvalidCredentials -->
        <test-method signature="signUpWithExistingCredentials()[pri:1, instance:com.qa.Testscripts.TC_Login@40238dd0]" started-at="2024-07-06T13:39:46 IST" name="signUpWithExistingCredentials" finished-at="2024-07-06T13:39:49 IST" duration-ms="2994" status="PASS">
          <reporter-output>
          </reporter-output>
        </test-method> <!-- signUpWithExistingCredentials -->
        <test-method signature="loginWithValidCredentials()[pri:2, instance:com.qa.Testscripts.TC_Login@40238dd0]" started-at="2024-07-06T13:39:49 IST" name="loginWithValidCredentials" finished-at="2024-07-06T13:40:08 IST" duration-ms="18161" status="PASS">
          <reporter-output>
          </reporter-output>
        </test-method> <!-- loginWithValidCredentials -->
        <test-method signature="afterLogin()[pri:0, instance:com.qa.Testscripts.TC_Login@40238dd0]" started-at="2024-07-06T13:40:08 IST" name="afterLogin" finished-at="2024-07-06T13:40:08 IST" depends-on-methods="com.qa.Testscripts.TC_Login.loginWithValidCredentials" duration-ms="167" status="PASS">
          <reporter-output>
          </reporter-output>
        </test-method> <!-- afterLogin -->
      </class> <!-- com.qa.Testscripts.TC_Login -->
      <class name="com.qa.Testscripts.TC_Home">
        <test-method is-config="true" signature="setUp()[pri:0, instance:com.qa.Testscripts.TC_Home@1f3f02ee]" started-at="2024-07-06T13:38:40 IST" name="setUp" finished-at="2024-07-06T13:38:59 IST" duration-ms="18627" status="PASS">
          <reporter-output>
          </reporter-output>
        </test-method> <!-- setUp -->
        <test-method signature="beforeSignupLogin()[pri:0, instance:com.qa.Testscripts.TC_Home@1f3f02ee]" started-at="2024-07-06T13:38:59 IST" name="beforeSignupLogin" finished-at="2024-07-06T13:38:59 IST" duration-ms="345" status="PASS">
          <reporter-output>
          </reporter-output>
        </test-method> <!-- beforeSignupLogin -->
        <test-method signature="homeContentsVisible(java.util.HashMap)[pri:0, instance:com.qa.Testscripts.TC_Home@1f3f02ee]" started-at="2024-07-06T13:39:00 IST" name="homeContentsVisible" data-provider="getData" finished-at="2024-07-06T13:39:00 IST" duration-ms="37" status="PASS">
          <params>
            <param index="0">
              <value>
                <![CDATA[{expectedHomeTitle=Automation Exercise}]]>
              </value>
            </param>
          </params>
          <reporter-output>
          </reporter-output>
        </test-method> <!-- homeContentsVisible -->
        <test-method is-config="true" signature="tearDown()[pri:0, instance:com.qa.Testscripts.TC_Home@1f3f02ee]" started-at="2024-07-06T13:40:57 IST" name="tearDown" finished-at="2024-07-06T13:40:58 IST" duration-ms="1362" status="PASS">
          <reporter-output>
          </reporter-output>
        </test-method> <!-- tearDown -->
      </class> <!-- com.qa.Testscripts.TC_Home -->
      <class name="com.qa.Testscripts.TC_AddingProductsToCart">
        <test-method signature="search(java.util.HashMap)[pri:0, instance:com.qa.Testscripts.TC_AddingProductsToCart@7776ab]" started-at="2024-07-06T13:40:08 IST" name="search" data-provider="getProductsData" finished-at="2024-07-06T13:40:32 IST" duration-ms="24663" status="PASS">
          <params>
            <param index="0">
              <value>
                <![CDATA[{product1=Full Sleeves Top Cherry - Pink, product=shirt, expectedProductPageTitle=Automation Exercise - All Products, expectedSearchHeader=SEARCHED PRODUCTS}]]>
              </value>
            </param>
          </params>
          <reporter-output>
          </reporter-output>
        </test-method> <!-- search -->
        <test-method signature="searchItem()[pri:0, instance:com.qa.Testscripts.TC_AddingProductsToCart@7776ab]" started-at="2024-07-06T13:40:32 IST" name="searchItem" finished-at="2024-07-06T13:40:33 IST" depends-on-methods="com.qa.Testscripts.TC_AddingProductsToCart.search" duration-ms="394" status="PASS">
          <reporter-output>
          </reporter-output>
        </test-method> <!-- searchItem -->
        <test-method signature="addToCartFromPLP()[pri:0, instance:com.qa.Testscripts.TC_AddingProductsToCart@7776ab]" started-at="2024-07-06T13:40:33 IST" name="addToCartFromPLP" finished-at="2024-07-06T13:40:37 IST" depends-on-methods="com.qa.Testscripts.TC_AddingProductsToCart.searchItem" duration-ms="4032" status="PASS">
          <reporter-output>
          </reporter-output>
        </test-method> <!-- addToCartFromPLP -->
        <test-method signature="goToProductDetailPage()[pri:0, instance:com.qa.Testscripts.TC_AddingProductsToCart@7776ab]" started-at="2024-07-06T13:40:37 IST" name="goToProductDetailPage" finished-at="2024-07-06T13:40:40 IST" depends-on-methods="com.qa.Testscripts.TC_AddingProductsToCart.searchItem" duration-ms="2817" status="PASS">
          <reporter-output>
          </reporter-output>
        </test-method> <!-- goToProductDetailPage -->
        <test-method signature="goToCartPage()[pri:0, instance:com.qa.Testscripts.TC_AddingProductsToCart@7776ab]" started-at="2024-07-06T13:40:40 IST" name="goToCartPage" finished-at="2024-07-06T13:40:42 IST" depends-on-methods="com.qa.Testscripts.TC_AddingProductsToCart.goToProductDetailPage" duration-ms="1923" status="PASS">
          <reporter-output>
          </reporter-output>
        </test-method> <!-- goToCartPage -->
        <test-method signature="verifyDetails()[pri:0, instance:com.qa.Testscripts.TC_AddingProductsToCart@7776ab]" started-at="2024-07-06T13:40:42 IST" name="verifyDetails" finished-at="2024-07-06T13:40:42 IST" depends-on-methods="com.qa.Testscripts.TC_AddingProductsToCart.goToCartPage" duration-ms="415" status="PASS">
          <reporter-output>
          </reporter-output>
        </test-method> <!-- verifyDetails -->
      </class> <!-- com.qa.Testscripts.TC_AddingProductsToCart -->
      <class name="com.qa.Testscripts.TC_SignUp">
        <test-method signature="signupWithNewUserCredentials(java.util.HashMap)[pri:0, instance:com.qa.Testscripts.TC_SignUp@1afdd473]" started-at="2024-07-06T13:39:00 IST" name="signupWithNewUserCredentials" data-provider="getSignUpData" finished-at="2024-07-06T13:39:22 IST" duration-ms="22139" status="PASS">
          <params>
            <param index="0">
              <value>
                <![CDATA[{lName=H, year=2005, address2=5th cross, city=Chennai, address1=4th street, expectedSignupPageTitle=Automation Exercise - Signup, mobileNo=6666666666, zipcode=545678, expectedSignupLoginPageTitle=Automation Exercise - Signup / Login, password=Password@123, fName=Hemapriya, month=2, expectedAccountCreatedTitle=Automation Exercise - Account Created, name=Hema, state=Tamil Nadu}]]>
              </value>
            </param>
          </params>
          <reporter-output>
          </reporter-output>
        </test-method> <!-- signupWithNewUserCredentials -->
        <test-method signature="accountCreated(java.util.HashMap)[pri:0, instance:com.qa.Testscripts.TC_SignUp@1afdd473]" started-at="2024-07-06T13:39:22 IST" name="accountCreated" data-provider="getSignUpData" finished-at="2024-07-06T13:39:25 IST" depends-on-methods="com.qa.Testscripts.TC_SignUp.signupWithNewUserCredentials" duration-ms="2496" status="PASS">
          <params>
            <param index="0">
              <value>
                <![CDATA[{lName=H, year=2005, address2=5th cross, city=Chennai, address1=4th street, expectedSignupPageTitle=Automation Exercise - Signup, mobileNo=6666666666, zipcode=545678, expectedSignupLoginPageTitle=Automation Exercise - Signup / Login, password=Password@123, fName=Hemapriya, month=2, expectedAccountCreatedTitle=Automation Exercise - Account Created, name=Hema, state=Tamil Nadu}]]>
              </value>
            </param>
          </params>
          <reporter-output>
          </reporter-output>
        </test-method> <!-- accountCreated -->
        <test-method signature="afterSignup(java.util.HashMap)[pri:0, instance:com.qa.Testscripts.TC_SignUp@1afdd473]" started-at="2024-07-06T13:39:25 IST" name="afterSignup" data-provider="getSignUpData" finished-at="2024-07-06T13:39:41 IST" depends-on-methods="com.qa.Testscripts.TC_SignUp.accountCreated" duration-ms="15895" status="PASS">
          <params>
            <param index="0">
              <value>
                <![CDATA[{lName=H, year=2005, address2=5th cross, city=Chennai, address1=4th street, expectedSignupPageTitle=Automation Exercise - Signup, mobileNo=6666666666, zipcode=545678, expectedSignupLoginPageTitle=Automation Exercise - Signup / Login, password=Password@123, fName=Hemapriya, month=2, expectedAccountCreatedTitle=Automation Exercise - Account Created, name=Hema, state=Tamil Nadu}]]>
              </value>
            </param>
          </params>
          <reporter-output>
          </reporter-output>
        </test-method> <!-- afterSignup -->
        <test-method signature="signupLogout()[pri:0, instance:com.qa.Testscripts.TC_SignUp@1afdd473]" started-at="2024-07-06T13:39:41 IST" name="signupLogout" finished-at="2024-07-06T13:39:44 IST" depends-on-methods="com.qa.Testscripts.TC_SignUp.afterSignup" duration-ms="2796" status="PASS">
          <reporter-output>
          </reporter-output>
        </test-method> <!-- signupLogout -->
      </class> <!-- com.qa.Testscripts.TC_SignUp -->
      <class name="com.qa.Testscripts.TC_Checkout">
        <test-method signature="goToCheckoutPage()[pri:0, instance:com.qa.Testscripts.TC_Checkout@79179359]" started-at="2024-07-06T13:40:42 IST" name="goToCheckoutPage" finished-at="2024-07-06T13:40:44 IST" duration-ms="1818" status="PASS">
          <reporter-output>
          </reporter-output>
        </test-method> <!-- goToCheckoutPage -->
        <test-method signature="verifyAddressDetails(java.util.HashMap)[pri:0, instance:com.qa.Testscripts.TC_Checkout@79179359]" started-at="2024-07-06T13:40:44 IST" name="verifyAddressDetails" data-provider="getSignUpTestData" finished-at="2024-07-06T13:40:45 IST" duration-ms="718" status="PASS">
          <params>
            <param index="0">
              <value>
                <![CDATA[{lName=H, year=2005, address2=5th cross, city=Chennai, address1=4th street, expectedSignupPageTitle=Automation Exercise - Signup, mobileNo=6666666666, zipcode=545678, expectedSignupLoginPageTitle=Automation Exercise - Signup / Login, password=Password@123, fName=Hemapriya, month=2, expectedAccountCreatedTitle=Automation Exercise - Account Created, name=Hema, state=Tamil Nadu}]]>
              </value>
            </param>
          </params>
          <reporter-output>
          </reporter-output>
        </test-method> <!-- verifyAddressDetails -->
        <test-method signature="verifyProdctDetails(java.util.HashMap)[pri:1, instance:com.qa.Testscripts.TC_Checkout@79179359]" started-at="2024-07-06T13:40:45 IST" name="verifyProdctDetails" data-provider="getSearchData" finished-at="2024-07-06T13:40:45 IST" duration-ms="615" status="PASS">
          <params>
            <param index="0">
              <value>
                <![CDATA[{product1=Full Sleeves Top Cherry - Pink, product=shirt, expectedProductPageTitle=Automation Exercise - All Products, expectedSearchHeader=SEARCHED PRODUCTS}]]>
              </value>
            </param>
          </params>
          <reporter-output>
          </reporter-output>
        </test-method> <!-- verifyProdctDetails -->
        <test-method signature="addComments()[pri:2, instance:com.qa.Testscripts.TC_Checkout@79179359]" started-at="2024-07-06T13:40:45 IST" name="addComments" finished-at="2024-07-06T13:40:46 IST" duration-ms="575" status="PASS">
          <reporter-output>
          </reporter-output>
        </test-method> <!-- addComments -->
        <test-method signature="goToPaymentPage()[pri:3, instance:com.qa.Testscripts.TC_Checkout@79179359]" started-at="2024-07-06T13:40:46 IST" name="goToPaymentPage" finished-at="2024-07-06T13:40:48 IST" duration-ms="2024" status="PASS">
          <reporter-output>
          </reporter-output>
        </test-method> <!-- goToPaymentPage -->
      </class> <!-- com.qa.Testscripts.TC_Checkout -->
    </test> <!-- Automation Exercise Testing -->
  </suite> <!-- Suite -->
</testng-results>
