<?xml version="1.0" encoding="UTF-8"?>
<!-- Generated by org.testng.reporters.JUnitXMLReporter -->
<testsuite ignored="10" hostname="DESKTOP-5G4KM3U" failures="0" tests="25" name="Automation Exercise Testing" time="116.084" errors="0" timestamp="2024-07-06T13:40:57 IST">
  <testcase classname="com.qa.Testscripts.TC_Home" name="beforeSignupLogin" time="0.345"/>
  <testcase classname="com.qa.Testscripts.TC_Home" name="homeContentsVisible" time="0.037"/>
  <testcase classname="com.qa.Testscripts.TC_SignUp" name="signupWithNewUserCredentials" time="22.139"/>
  <testcase classname="com.qa.Testscripts.TC_SignUp" name="accountCreated" time="2.496"/>
  <testcase classname="com.qa.Testscripts.TC_SignUp" name="afterSignup" time="15.895"/>
  <testcase classname="com.qa.Testscripts.TC_SignUp" name="signupLogout" time="2.796"/>
  <testcase classname="com.qa.Testscripts.TC_Login" name="loginWithInvalidCredentials" time="2.616"/>
  <testcase classname="com.qa.Testscripts.TC_Login" name="signUpWithExistingCredentials" time="2.994"/>
  <testcase classname="com.qa.Testscripts.TC_Login" name="loginWithValidCredentials" time="18.161"/>
  <testcase classname="com.qa.Testscripts.TC_Login" name="afterLogin" time="0.167"/>
  <testcase classname="com.qa.Testscripts.TC_AddingProductsToCart" name="search" time="24.663"/>
  <testcase classname="com.qa.Testscripts.TC_AddingProductsToCart" name="searchItem" time="0.394"/>
  <testcase classname="com.qa.Testscripts.TC_AddingProductsToCart" name="addToCartFromPLP" time="4.032"/>
  <testcase classname="com.qa.Testscripts.TC_AddingProductsToCart" name="goToProductDetailPage" time="2.817"/>
  <testcase classname="com.qa.Testscripts.TC_AddingProductsToCart" name="goToCartPage" time="1.923"/>
  <testcase classname="com.qa.Testscripts.TC_AddingProductsToCart" name="verifyDetails" time="0.415"/>
  <testcase classname="com.qa.Testscripts.TC_Checkout" name="goToCheckoutPage" time="1.818"/>
  <testcase classname="com.qa.Testscripts.TC_Checkout" name="verifyAddressDetails" time="0.718"/>
  <testcase classname="com.qa.Testscripts.TC_Checkout" name="verifyProdctDetails" time="0.615"/>
  <testcase classname="com.qa.Testscripts.TC_Checkout" name="addComments" time="0.575"/>
  <testcase classname="com.qa.Testscripts.TC_Checkout" name="goToPaymentPage" time="2.024"/>
  <testcase classname="com.qa.Testscripts.TC_PlaceOrder" name="verifyPageTitle" time="0.016"/>
  <testcase classname="com.qa.Testscripts.TC_PlaceOrder" name="enterPaymentDetails" time="4.699"/>
  <testcase classname="com.qa.Testscripts.TC_PlaceOrder" name="verifyOrderPlaced" time="0.478"/>
  <testcase classname="com.qa.Testscripts.TC_PlaceOrder" name="downloadInvoice" time="1.579"/>
  <testcase classname="com.qa.Testscripts.TestBase" name="@AfterSuite tearDown" time="0.0">
    <ignored/>
  </testcase> <!-- @AfterSuite tearDown -->
  <testcase classname="com.qa.Testscripts.TestBase" name="@BeforeSuite setUp" time="0.0">
    <ignored/>
  </testcase> <!-- @BeforeSuite setUp -->
  <testcase classname="com.qa.Testscripts.TestBase" name="@AfterSuite tearDown" time="0.0">
    <ignored/>
  </testcase> <!-- @AfterSuite tearDown -->
  <testcase classname="com.qa.Testscripts.TestBase" name="@AfterSuite tearDown" time="0.0">
    <ignored/>
  </testcase> <!-- @AfterSuite tearDown -->
  <testcase classname="com.qa.Testscripts.TestBase" name="@BeforeSuite setUp" time="0.0">
    <ignored/>
  </testcase> <!-- @BeforeSuite setUp -->
  <testcase classname="com.qa.Testscripts.TestBase" name="@BeforeSuite setUp" time="0.0">
    <ignored/>
  </testcase> <!-- @BeforeSuite setUp -->
  <testcase classname="com.qa.Testscripts.TestBase" name="@AfterSuite tearDown" time="0.0">
    <ignored/>
  </testcase> <!-- @AfterSuite tearDown -->
  <testcase classname="com.qa.Testscripts.TestBase" name="@AfterSuite tearDown" time="0.0">
    <ignored/>
  </testcase> <!-- @AfterSuite tearDown -->
  <testcase classname="com.qa.Testscripts.TestBase" name="@BeforeSuite setUp" time="0.0">
    <ignored/>
  </testcase> <!-- @BeforeSuite setUp -->
  <testcase classname="com.qa.Testscripts.TestBase" name="@BeforeSuite setUp" time="0.0">
    <ignored/>
  </testcase> <!-- @BeforeSuite setUp -->
</testsuite> <!-- Automation Exercise Testing -->
